
> ismail@0.0.1 build
> astro build

using deprecated parameters for the initialization function; pass a single object instead
[33m[1m00:24:23[22m [WARN] [vite][39m [36m[plugin:vite-plugin-qwik] [39m[33mcontext method [1memitFile()[22m is not supported in serve mode. This plugin is likely not vite-compatible.[39m
[2m00:24:23[22m [34m[content][39m Syncing content
[2m00:24:23[22m [34m[content][39m Synced content
[2m00:24:23[22m [34m[types][39m Generated [2m62ms[22m
[2m00:24:23[22m [34m[build][39m output: [34m"static"[39m
[2m00:24:23[22m [34m[build][39m mode: [34m"static"[39m
[2m00:24:23[22m [34m[build][39m directory: [34mD:\ismail\dist\[39m
[2m00:24:23[22m [34m[build][39m Collecting build info...
[2m00:24:23[22m [34m[build][39m [32m✓ Completed in 166ms.[39m
[2m00:24:24[22m [34m[build][39m Building static entrypoints...
[33m[1m00:24:24[22m [WARN] [vite][39m [33m[plugin vite:esbuild] src/components/BookingWidget.tsx: [33mThe JSX import source cannot be set without also enabling React's "automatic" JSX transform[33m
1  |  /** @jsxImportSource @builder.io/qwik */ import { componentQrl } from "@builder.io/qwik";
   |                       ^
2  |  import { useLexicalScope } from "@builder.io/qwik";
3  |  import { inlinedQrl } from "@builder.io/qwik";
[39m
[33m[1m00:24:25[22m [WARN] [vite][39m [33mCircular chunk: astro/server -> knowledge-graph -> astro/server. Consider disabling the "output.onlyExplicitManualChunks" option, as enabling it causes the static dependencies of the manual chunk "knowledge-graph" to be bundled into the chunk "astro/server".[39m
[2m00:24:25[22m [34m[vite][39m [32m✓ built in 1.38s[39m
[2m00:24:25[22m [34m[build][39m [32m✓ Completed in 1.45s.[39m

[42m[30m building client (vite) [39m[49m
[2m00:24:25[22m [34m[vite][39m transforming...
[33m[1m00:24:25[22m [WARN] [vite][39m [33m[plugin vite:esbuild] src/components/BookingWidget.tsx: [33mThe JSX import source cannot be set without also enabling React's "automatic" JSX transform[33m
1  |  /** @jsxImportSource @builder.io/qwik */ import { componentQrl } from "@builder.io/qwik";
   |                       ^
2  |  import { useLexicalScope } from "@builder.io/qwik";
3  |  import { inlinedQrl } from "@builder.io/qwik";
[39m
[2m00:24:25[22m [34m[vite][39m [32m✓[39m 7 modules transformed.
[2m00:24:25[22m [34m[vite][39m rendering chunks...
[2m00:24:25[22m [34m[vite][39m computing gzip size...
[2m00:24:25[22m [34m[vite][39m [2mdist/[22m[32m_astro/bundle-graph.DWVpStIU.json  [39m[1m[2m 0.15 kB[22m[1m[22m[2m │ gzip:  0.13 kB[22m
[2m00:24:25[22m [34m[vite][39m [2mdist/[22m[32mq-manifest.json                    [39m[1m[2m 1.78 kB[22m[1m[22m[2m │ gzip:  0.61 kB[22m
[2m00:24:25[22m [34m[vite][39m [2mdist/[22m[36m_astro/root.DJPEkE5-.js            [39m[1m[2m 0.17 kB[22m[1m[22m[2m │ gzip:  0.17 kB[22m
[2m00:24:25[22m [34m[vite][39m [2mdist/[22m[36m_astro/qwik-preloader.Ccp8f1CS.js  [39m[1m[2m 1.31 kB[22m[1m[22m[2m │ gzip:  0.82 kB[22m
[2m00:24:25[22m [34m[vite][39m [2mdist/[22m[36m_astro/BookingWidget.DbEaS2RR.js   [39m[1m[2m 3.08 kB[22m[1m[22m[2m │ gzip:  1.13 kB[22m
[2m00:24:25[22m [34m[vite][39m [2mdist/[22m[36m_astro/qwikloader.naDMFAHy.js      [39m[1m[2m 3.10 kB[22m[1m[22m[2m │ gzip:  1.68 kB[22m
[2m00:24:25[22m [34m[vite][39m [2mdist/[22m[36m_astro/core.min.BfMeFqpo.js        [39m[1m[2m45.19 kB[22m[1m[22m[2m │ gzip: 18.32 kB[22m
[2m00:24:25[22m [34m[vite][39m [32m✓ built in 526ms[39m
[36mvite v6.4.1 [32mbuilding for production...[36m[39m
transforming...
[32m✓[39m 14 modules transformed.
rendering chunks...
computing gzip size...
[2mdist/[22m[32massets/BKyFlbgw-bundle-graph.json  [39m[1m[2m 0.28 kB[22m[1m[22m[2m │ gzip:  0.20 kB[22m
[2mdist/[22m[32mq-manifest.json                    [39m[1m[2m 6.10 kB[22m[1m[22m[2m │ gzip:  1.19 kB[22m
[2mdist/[22m[36mbuild/q-BJq_hUxG.js                [39m[1m[2m 0.09 kB[22m[1m[22m[2m │ gzip:  0.10 kB[22m
[2mdist/[22m[36mbuild/q-DA4SafD6.js                [39m[1m[2m 0.13 kB[22m[1m[22m[2m │ gzip:  0.14 kB[22m
[2mdist/[22m[36mbuild/q-Dz4Tm7h8.js                [39m[1m[2m 0.17 kB[22m[1m[22m[2m │ gzip:  0.15 kB[22m
[2mdist/[22m[36mbuild/q-C_cd9UwY.js                [39m[1m[2m 0.18 kB[22m[1m[22m[2m │ gzip:  0.16 kB[22m
[2mdist/[22m[36mbuild/q-naDMFAHy.js                [39m[1m[2m 3.10 kB[22m[1m[22m[2m │ gzip:  1.68 kB[22m
[2mdist/[22m[36mbuild/q-CYEgbuJJ.js                [39m[1m[2m 3.82 kB[22m[1m[22m[2m │ gzip:  2.04 kB[22m
[2mdist/[22m[36mbuild/q-ThwBEcCN.js                [39m[1m[2m 4.04 kB[22m[1m[22m[2m │ gzip:  1.35 kB[22m
[2mdist/[22m[36mbuild/q-C2HZbQqi.js                [39m[1m[2m46.60 kB[22m[1m[22m[2m │ gzip: 18.76 kB[22m
[32m✓ built in 583ms[39m

[42m[30m generating static routes [39m[49m
Cannot access 'ASTRO_VERSION' before initialization
  [1mLocation:[22m
    [4mD:\ismail\node_modules\astro\dist\core\build\pipeline.js:221:15[24m
  [1mStack trace:[22m
[2m    at createAstro (file:///D:/ismail/dist/chunks/astro/server_C-lGOaCn.mjs:66:26)
    at ModuleJob.run (node:internal/modules/esm/module_job:345:25)
    at async BuildPipeline.retrieveSsrEntry (file:///D:/ismail/node_modules/astro/dist/core/build/pipeline.js:221:15)
    at async staticBuild (file:///D:/ismail/node_modules/astro/dist/core/build/static-build.js:87:5)
    at async AstroBuilder.run (file:///D:/ismail/node_modules/astro/dist/core/build/index.js:188:7)[22m
